🔍 BearDog HSM Discovery
========================

🔎 Scanning for HSM devices...
   • Software HSMs (ANY PKCS#11 provider)
   • Hardware tokens (ANY FIDO2/CTAP2 device)
   • Mobile HSMs (ANY platform keystore)
   • Platform HSMs (TPM, Secure Enclave, etc.)

2025-12-27T15:24:14.167369Z  INFO 🔍 Initializing HSM Discovery Engine
2025-12-27T15:24:14.167390Z  INFO 🔍 Discovering PKCS#11 HSMs
2025-12-27T15:24:14.167570Z  INFO ✅ Found 0 PKCS#11 HSMs
2025-12-27T15:24:14.167573Z  INFO 🔌 Discovering USB HSMs
2025-12-27T15:24:14.167575Z  WARN 🔌 USB HSM discovery not yet implemented
2025-12-27T15:24:14.167577Z  INFO 📱 Discovering Mobile HSMs
2025-12-27T15:24:14.167585Z  WARN 📱 Mobile HSM discovery not yet implemented
2025-12-27T15:24:14.167588Z  INFO 💻 Discovering Software HSMs
2025-12-27T15:24:14.167592Z  INFO ✅ Found 3 Software HSMs
2025-12-27T15:24:14.167600Z  INFO 🔐 Discovering TPMs
2025-12-27T15:24:14.167602Z  WARN 🔐 TPM discovery not yet implemented
2025-12-27T15:24:14.167603Z  INFO 💳 Discovering Smart Cards
2025-12-27T15:24:14.167605Z  WARN 💳 Smart Card discovery not yet implemented
✅ Found 3 HSM device(s):

1. BearDog Native Software HSM (Software)
   Tier:    Software

2. OpenSSL OpenSSL Engine (Software)
   Tier:    Software

3. OpenDNSSEC SoftHSM 2.0 (Software)
   Tier:    Software

