🔍 BearDog HSM Discovery
========================

🔎 Scanning for HSM devices...
   • Software HSMs (ANY PKCS#11 provider)
   • Hardware tokens (ANY FIDO2/CTAP2 device)
   • Mobile HSMs (ANY platform keystore)
   • Platform HSMs (TPM, Secure Enclave, etc.)

2025-12-27T15:23:09.583682Z  INFO 🔍 Initializing HSM Discovery Engine
2025-12-27T15:23:09.583709Z  INFO 🔍 Discovering PKCS#11 HSMs
2025-12-27T15:23:09.584054Z  INFO ✅ Found 0 PKCS#11 HSMs
2025-12-27T15:23:09.584058Z  INFO 🔌 Discovering USB HSMs
2025-12-27T15:23:09.584060Z  WARN 🔌 USB HSM discovery not yet implemented
2025-12-27T15:23:09.584062Z  INFO 📱 Discovering Mobile HSMs
2025-12-27T15:23:09.584064Z  WARN 📱 Mobile HSM discovery not yet implemented
2025-12-27T15:23:09.584066Z  INFO 💻 Discovering Software HSMs
2025-12-27T15:23:09.584070Z  INFO ✅ Found 3 Software HSMs
2025-12-27T15:23:09.584072Z  INFO 🔐 Discovering TPMs
2025-12-27T15:23:09.584074Z  WARN 🔐 TPM discovery not yet implemented
2025-12-27T15:23:09.584075Z  INFO 💳 Discovering Smart Cards
2025-12-27T15:23:09.584077Z  WARN 💳 Smart Card discovery not yet implemented
✅ Found 3 HSM device(s):

1. BearDog Native Software HSM (Software)
   Tier:    Software

2. OpenSSL OpenSSL Engine (Software)
   Tier:    Software

3. OpenDNSSEC SoftHSM 2.0 (Software)
   Tier:    Software

